<?xml version="1.0" encoding="UTF-8"?>
<coverage generated="1595835636051" clover="3.2.0">
  <project timestamp="1595835636051" name="All files">
    <metrics statements="90" coveredstatements="61" conditionals="61" coveredconditionals="41" methods="18" coveredmethods="10" elements="169" coveredelements="112" complexity="0" loc="90" ncloc="90" packages="1" files="1" classes="1"/>
    <file name="main.ts" path="/Users/ming/code/api-model/src/main.ts">
      <metrics statements="90" coveredstatements="61" conditionals="61" coveredconditionals="41" methods="18" coveredmethods="10"/>
      <line num="2" count="1" type="stmt"/>
      <line num="3" count="1" type="stmt"/>
      <line num="10" count="1" type="stmt"/>
      <line num="13" count="24" type="cond" truecount="2" falsecount="0"/>
      <line num="17" count="0" type="stmt"/>
      <line num="21" count="1" type="stmt"/>
      <line num="26" count="3" type="stmt"/>
      <line num="27" count="3" type="stmt"/>
      <line num="29" count="3" type="stmt"/>
      <line num="33" count="13" type="stmt"/>
      <line num="34" count="13" type="cond" truecount="2" falsecount="0"/>
      <line num="35" count="3" type="stmt"/>
      <line num="37" count="10" type="cond" truecount="3" falsecount="1"/>
      <line num="38" count="10" type="stmt"/>
      <line num="40" count="0" type="stmt"/>
      <line num="43" count="13" type="cond" truecount="3" falsecount="1"/>
      <line num="44" count="0" type="stmt"/>
      <line num="46" count="13" type="stmt"/>
      <line num="47" count="13" type="stmt"/>
      <line num="48" count="13" type="stmt"/>
      <line num="50" count="13" type="cond" truecount="2" falsecount="0"/>
      <line num="51" count="1" type="stmt"/>
      <line num="54" count="12" type="stmt"/>
      <line num="55" count="12" type="cond" truecount="2" falsecount="0"/>
      <line num="57" count="2" type="stmt"/>
      <line num="59" count="12" type="stmt"/>
      <line num="61" count="3" type="stmt"/>
      <line num="62" count="12" type="cond" truecount="3" falsecount="1"/>
      <line num="63" count="0" type="stmt"/>
      <line num="65" count="12" type="stmt"/>
      <line num="66" count="12" type="stmt"/>
      <line num="67" count="12" type="stmt"/>
      <line num="68" count="12" type="cond" truecount="1" falsecount="1"/>
      <line num="69" count="12" type="stmt"/>
      <line num="72" count="3" type="stmt"/>
      <line num="73" count="0" type="cond" truecount="0" falsecount="2"/>
      <line num="74" count="0" type="stmt"/>
      <line num="75" count="0" type="cond" truecount="0" falsecount="2"/>
      <line num="76" count="0" type="stmt"/>
      <line num="78" count="0" type="stmt"/>
      <line num="80" count="0" type="cond" truecount="0" falsecount="2"/>
      <line num="81" count="0" type="stmt"/>
      <line num="82" count="0" type="stmt"/>
      <line num="83" count="0" type="stmt"/>
      <line num="85" count="0" type="stmt"/>
      <line num="87" count="0" type="stmt"/>
      <line num="89" count="3" type="stmt"/>
      <line num="90" count="15" type="cond" truecount="2" falsecount="2"/>
      <line num="91" count="0" type="stmt"/>
      <line num="93" count="15" type="cond" truecount="1" falsecount="1"/>
      <line num="94" count="0" type="stmt"/>
      <line num="95" count="0" type="stmt"/>
      <line num="96" count="0" type="stmt"/>
      <line num="97" count="0" type="stmt"/>
      <line num="99" count="0" type="stmt"/>
      <line num="101" count="15" type="cond" truecount="1" falsecount="1"/>
      <line num="102" count="0" type="stmt"/>
      <line num="103" count="0" type="stmt"/>
      <line num="104" count="0" type="stmt"/>
      <line num="105" count="0" type="stmt"/>
      <line num="107" count="0" type="stmt"/>
      <line num="110" count="15" type="stmt"/>
      <line num="113" count="16" type="cond" truecount="1" falsecount="1"/>
      <line num="114" count="0" type="stmt"/>
      <line num="116" count="16" type="cond" truecount="1" falsecount="1"/>
      <line num="117" count="0" type="stmt"/>
      <line num="119" count="16" type="cond" truecount="2" falsecount="0"/>
      <line num="120" count="1" type="stmt"/>
      <line num="121" count="1" type="stmt"/>
      <line num="124" count="15" type="stmt"/>
      <line num="126" count="15" type="cond" truecount="3" falsecount="0"/>
      <line num="129" count="15" type="cond" truecount="1" falsecount="1"/>
      <line num="130" count="0" type="stmt"/>
      <line num="132" count="15" type="stmt"/>
      <line num="133" count="15" type="stmt"/>
      <line num="134" count="24" type="cond" truecount="1" falsecount="1"/>
      <line num="135" count="24" type="cond" truecount="2" falsecount="0"/>
      <line num="136" count="11" type="stmt"/>
      <line num="138" count="13" type="stmt"/>
      <line num="139" count="13" type="stmt"/>
      <line num="140" count="13" type="stmt"/>
      <line num="142" count="13" type="stmt"/>
      <line num="143" count="13" type="stmt"/>
      <line num="148" count="12" type="cond" truecount="1" falsecount="1"/>
      <line num="149" count="12" type="stmt"/>
      <line num="151" count="12" type="cond" truecount="2" falsecount="0"/>
      <line num="152" count="10" type="stmt"/>
      <line num="154" count="2" type="stmt"/>
      <line num="158" count="12" type="cond" truecount="1" falsecount="1"/>
      <line num="162" count="1" type="stmt"/>
    </file>
  </project>
</coverage>
