{"/Users/ming/code/api-model/src/main.ts": {"path":"/Users/ming/code/api-model/src/main.ts","statementMap":{"0":{"start":{"line":2,"column":0},"end":{"line":2,"column":26}},"1":{"start":{"line":3,"column":0},"end":{"line":3,"column":null}},"2":{"start":{"line":10,"column":0},"end":{"line":10,"column":35}},"3":{"start":{"line":13,"column":2},"end":{"line":13,"column":42}},"4":{"start":{"line":17,"column":2},"end":{"line":17,"column":32}},"5":{"start":{"line":21,"column":2},"end":{"line":21,"column":27}},"6":{"start":{"line":26,"column":21},"end":{"line":26,"column":43}},"7":{"start":{"line":61,"column":2},"end":{"line":71,"column":4}},"8":{"start":{"line":62,"column":4},"end":{"line":64,"column":null}},"9":{"start":{"line":63,"column":6},"end":{"line":63,"column":13}},"10":{"start":{"line":65,"column":21},"end":{"line":65,"column":41}},"11":{"start":{"line":66,"column":22},"end":{"line":66,"column":50}},"12":{"start":{"line":67,"column":4},"end":{"line":67,"column":19}},"13":{"start":{"line":68,"column":4},"end":{"line":70,"column":null}},"14":{"start":{"line":69,"column":6},"end":{"line":69,"column":29}},"15":{"start":{"line":72,"column":2},"end":{"line":88,"column":4}},"16":{"start":{"line":73,"column":4},"end":{"line":86,"column":null}},"17":{"start":{"line":74,"column":6},"end":{"line":79,"column":9}},"18":{"start":{"line":75,"column":8},"end":{"line":77,"column":null}},"19":{"start":{"line":76,"column":10},"end":{"line":76,"column":59}},"20":{"start":{"line":78,"column":8},"end":{"line":78,"column":20}},"21":{"start":{"line":80,"column":11},"end":{"line":86,"column":null}},"22":{"start":{"line":81,"column":21},"end":{"line":81,"column":23}},"23":{"start":{"line":82,"column":6},"end":{"line":84,"column":9}},"24":{"start":{"line":83,"column":8},"end":{"line":83,"column":33}},"25":{"start":{"line":85,"column":6},"end":{"line":85,"column":20}},"26":{"start":{"line":87,"column":4},"end":{"line":87,"column":17}},"27":{"start":{"line":89,"column":2},"end":{"line":111,"column":4}},"28":{"start":{"line":90,"column":4},"end":{"line":92,"column":null}},"29":{"start":{"line":91,"column":6},"end":{"line":91,"column":65}},"30":{"start":{"line":93,"column":4},"end":{"line":109,"column":null}},"31":{"start":{"line":94,"column":6},"end":{"line":100,"column":8}},"32":{"start":{"line":95,"column":23},"end":{"line":95,"column":25}},"33":{"start":{"line":96,"column":8},"end":{"line":98,"column":11}},"34":{"start":{"line":97,"column":10},"end":{"line":97,"column":34}},"35":{"start":{"line":99,"column":8},"end":{"line":99,"column":22}},"36":{"start":{"line":101,"column":11},"end":{"line":109,"column":null}},"37":{"start":{"line":102,"column":6},"end":{"line":108,"column":8}},"38":{"start":{"line":103,"column":23},"end":{"line":103,"column":27}},"39":{"start":{"line":104,"column":8},"end":{"line":106,"column":11}},"40":{"start":{"line":105,"column":10},"end":{"line":105,"column":29}},"41":{"start":{"line":107,"column":8},"end":{"line":107,"column":22}},"42":{"start":{"line":110,"column":4},"end":{"line":110,"column":21}},"43":{"start":{"line":27,"column":4},"end":{"line":27,"column":65}},"44":{"start":{"line":29,"column":4},"end":{"line":29,"column":25}},"45":{"start":{"line":33,"column":18},"end":{"line":33,"column":26}},"46":{"start":{"line":34,"column":4},"end":{"line":36,"column":null}},"47":{"start":{"line":35,"column":6},"end":{"line":35,"column":19}},"48":{"start":{"line":37,"column":4},"end":{"line":39,"column":null}},"49":{"start":{"line":38,"column":6},"end":{"line":38,"column":40}},"50":{"start":{"line":40,"column":4},"end":{"line":40,"column":15}},"51":{"start":{"line":43,"column":4},"end":{"line":45,"column":null}},"52":{"start":{"line":44,"column":6},"end":{"line":44,"column":13}},"53":{"start":{"line":46,"column":17},"end":{"line":46,"column":21}},"54":{"start":{"line":47,"column":17},"end":{"line":47,"column":22}},"55":{"start":{"line":48,"column":17},"end":{"line":48,"column":27}},"56":{"start":{"line":50,"column":4},"end":{"line":52,"column":null}},"57":{"start":{"line":51,"column":6},"end":{"line":51,"column":68}},"58":{"start":{"line":54,"column":4},"end":{"line":54,"column":34}},"59":{"start":{"line":55,"column":4},"end":{"line":58,"column":null}},"60":{"start":{"line":57,"column":6},"end":{"line":57,"column":40}},"61":{"start":{"line":59,"column":4},"end":{"line":59,"column":18}},"62":{"start":{"line":113,"column":4},"end":{"line":115,"column":null}},"63":{"start":{"line":114,"column":6},"end":{"line":114,"column":52}},"64":{"start":{"line":116,"column":4},"end":{"line":118,"column":null}},"65":{"start":{"line":117,"column":6},"end":{"line":117,"column":23}},"66":{"start":{"line":119,"column":4},"end":{"line":123,"column":null}},"67":{"start":{"line":120,"column":6},"end":{"line":122,"column":9}},"68":{"start":{"line":121,"column":8},"end":{"line":121,"column":42}},"69":{"start":{"line":124,"column":24},"end":{"line":124,"column":43}},"70":{"start":{"line":126,"column":6},"end":{"line":128,"column":12}},"71":{"start":{"line":129,"column":4},"end":{"line":131,"column":null}},"72":{"start":{"line":130,"column":6},"end":{"line":130,"column":35}},"73":{"start":{"line":132,"column":20},"end":{"line":132,"column":36}},"74":{"start":{"line":133,"column":4},"end":{"line":157,"column":null}},"75":{"start":{"line":134,"column":6},"end":{"line":156,"column":null}},"76":{"start":{"line":135,"column":8},"end":{"line":137,"column":null}},"77":{"start":{"line":136,"column":10},"end":{"line":136,"column":19}},"78":{"start":{"line":138,"column":25},"end":{"line":138,"column":33}},"79":{"start":{"line":139,"column":28},"end":{"line":141,"column":9}},"80":{"start":{"line":140,"column":10},"end":{"line":140,"column":44}},"81":{"start":{"line":142,"column":24},"end":{"line":142,"column":45}},"82":{"start":{"line":143,"column":20},"end":{"line":146,"column":null}},"83":{"start":{"line":148,"column":8},"end":{"line":150,"column":null}},"84":{"start":{"line":149,"column":10},"end":{"line":149,"column":53}},"85":{"start":{"line":151,"column":8},"end":{"line":155,"column":null}},"86":{"start":{"line":152,"column":10},"end":{"line":152,"column":64}},"87":{"start":{"line":154,"column":10},"end":{"line":154,"column":30}},"88":{"start":{"line":158,"column":4},"end":{"line":158,"column":59}},"89":{"start":{"line":162,"column":0},"end":{"line":162,"column":23}}},"fnMap":{"0":{"name":"isPrivateKey","decl":{"start":{"line":12,"column":9},"end":{"line":12,"column":21}},"loc":{"start":{"line":12,"column":33},"end":{"line":14,"column":1}}},"1":{"name":"warn","decl":{"start":{"line":16,"column":9},"end":{"line":16,"column":13}},"loc":{"start":{"line":16,"column":48},"end":{"line":18,"column":1}}},"2":{"name":"handleError","decl":{"start":{"line":20,"column":9},"end":{"line":20,"column":20}},"loc":{"start":{"line":20,"column":36},"end":{"line":22,"column":1}}},"3":{"name":"(anonymous_4)","decl":{"start":{"line":26,"column":2},"end":{"line":26,"column":21}},"loc":{"start":{"line":26,"column":43},"end":{"line":30,"column":3}}},"4":{"name":"(anonymous_5)","decl":{"start":{"line":61,"column":16},"end":{"line":61,"column":26}},"loc":{"start":{"line":61,"column":70},"end":{"line":71,"column":3}}},"5":{"name":"(anonymous_6)","decl":{"start":{"line":72,"column":23},"end":{"line":72,"column":33}},"loc":{"start":{"line":72,"column":69},"end":{"line":88,"column":3}}},"6":{"name":"(anonymous_7)","decl":{"start":{"line":74,"column":39},"end":{"line":74,"column":40}},"loc":{"start":{"line":74,"column":48},"end":{"line":79,"column":7}}},"7":{"name":"(anonymous_8)","decl":{"start":{"line":82,"column":25},"end":{"line":82,"column":26}},"loc":{"start":{"line":82,"column":33},"end":{"line":84,"column":7}}},"8":{"name":"(anonymous_9)","decl":{"start":{"line":89,"column":14},"end":{"line":89,"column":24}},"loc":{"start":{"line":89,"column":39},"end":{"line":111,"column":3}}},"9":{"name":"(anonymous_10)","decl":{"start":{"line":94,"column":13},"end":{"line":94,"column":23}},"loc":{"start":{"line":94,"column":35},"end":{"line":100,"column":7}}},"10":{"name":"(anonymous_11)","decl":{"start":{"line":96,"column":33},"end":{"line":96,"column":34}},"loc":{"start":{"line":96,"column":41},"end":{"line":98,"column":9}}},"11":{"name":"(anonymous_12)","decl":{"start":{"line":102,"column":13},"end":{"line":102,"column":23}},"loc":{"start":{"line":102,"column":35},"end":{"line":108,"column":7}}},"12":{"name":"(anonymous_13)","decl":{"start":{"line":104,"column":33},"end":{"line":104,"column":34}},"loc":{"start":{"line":104,"column":41},"end":{"line":106,"column":9}}},"13":{"name":"(anonymous_14)","decl":{"start":{"line":32,"column":2},"end":{"line":32,"column":8}},"loc":{"start":{"line":32,"column":33},"end":{"line":41,"column":3}}},"14":{"name":"(anonymous_15)","decl":{"start":{"line":42,"column":2},"end":{"line":42,"column":10}},"loc":{"start":{"line":42,"column":72},"end":{"line":60,"column":3}}},"15":{"name":"(anonymous_16)","decl":{"start":{"line":112,"column":2},"end":{"line":112,"column":9}},"loc":{"start":{"line":112,"column":35},"end":{"line":159,"column":3}}},"16":{"name":"(anonymous_17)","decl":{"start":{"line":120,"column":24},"end":{"line":120,"column":25}},"loc":{"start":{"line":120,"column":36},"end":{"line":122,"column":7}}},"17":{"name":"(anonymous_18)","decl":{"start":{"line":139,"column":28},"end":{"line":139,"column":29}},"loc":{"start":{"line":139,"column":60},"end":{"line":141,"column":9}}}},"branchMap":{"0":{"loc":{"start":{"line":13,"column":9},"end":{"line":13,"column":23}},"type":"binary-expr","locations":[{"start":{"line":13,"column":9},"end":{"line":13,"column":23}},{"start":{"line":13,"column":27},"end":{"line":13,"column":41}}]},"1":{"loc":{"start":{"line":62,"column":4},"end":{"line":64,"column":null}},"type":"if","locations":[{"start":{"line":62,"column":4},"end":{"line":64,"column":null}},{"start":{"line":62,"column":4},"end":{"line":64,"column":null}}]},"2":{"loc":{"start":{"line":62,"column":8},"end":{"line":62,"column":12}},"type":"binary-expr","locations":[{"start":{"line":62,"column":8},"end":{"line":62,"column":12}},{"start":{"line":62,"column":16},"end":{"line":62,"column":21}}]},"3":{"loc":{"start":{"line":68,"column":4},"end":{"line":70,"column":null}},"type":"if","locations":[{"start":{"line":68,"column":4},"end":{"line":70,"column":null}},{"start":{"line":68,"column":4},"end":{"line":70,"column":null}}]},"4":{"loc":{"start":{"line":73,"column":4},"end":{"line":86,"column":null}},"type":"if","locations":[{"start":{"line":73,"column":4},"end":{"line":86,"column":null}},{"start":{"line":73,"column":4},"end":{"line":86,"column":null}}]},"5":{"loc":{"start":{"line":75,"column":8},"end":{"line":77,"column":null}},"type":"if","locations":[{"start":{"line":75,"column":8},"end":{"line":77,"column":null}},{"start":{"line":75,"column":8},"end":{"line":77,"column":null}}]},"6":{"loc":{"start":{"line":80,"column":11},"end":{"line":86,"column":null}},"type":"if","locations":[{"start":{"line":80,"column":11},"end":{"line":86,"column":null}},{"start":{"line":80,"column":11},"end":{"line":86,"column":null}}]},"7":{"loc":{"start":{"line":90,"column":4},"end":{"line":92,"column":null}},"type":"if","locations":[{"start":{"line":90,"column":4},"end":{"line":92,"column":null}},{"start":{"line":90,"column":4},"end":{"line":92,"column":null}}]},"8":{"loc":{"start":{"line":90,"column":8},"end":{"line":90,"column":33}},"type":"binary-expr","locations":[{"start":{"line":90,"column":8},"end":{"line":90,"column":33}},{"start":{"line":90,"column":37},"end":{"line":90,"column":62}}]},"9":{"loc":{"start":{"line":93,"column":4},"end":{"line":109,"column":null}},"type":"if","locations":[{"start":{"line":93,"column":4},"end":{"line":109,"column":null}},{"start":{"line":93,"column":4},"end":{"line":109,"column":null}}]},"10":{"loc":{"start":{"line":101,"column":11},"end":{"line":109,"column":null}},"type":"if","locations":[{"start":{"line":101,"column":11},"end":{"line":109,"column":null}},{"start":{"line":101,"column":11},"end":{"line":109,"column":null}}]},"11":{"loc":{"start":{"line":34,"column":4},"end":{"line":36,"column":null}},"type":"if","locations":[{"start":{"line":34,"column":4},"end":{"line":36,"column":null}},{"start":{"line":34,"column":4},"end":{"line":36,"column":null}}]},"12":{"loc":{"start":{"line":37,"column":4},"end":{"line":39,"column":null}},"type":"if","locations":[{"start":{"line":37,"column":4},"end":{"line":39,"column":null}},{"start":{"line":37,"column":4},"end":{"line":39,"column":null}}]},"13":{"loc":{"start":{"line":37,"column":8},"end":{"line":37,"column":28}},"type":"binary-expr","locations":[{"start":{"line":37,"column":8},"end":{"line":37,"column":28}},{"start":{"line":37,"column":45},"end":{"line":37,"column":56}}]},"14":{"loc":{"start":{"line":43,"column":4},"end":{"line":45,"column":null}},"type":"if","locations":[{"start":{"line":43,"column":4},"end":{"line":45,"column":null}},{"start":{"line":43,"column":4},"end":{"line":45,"column":null}}]},"15":{"loc":{"start":{"line":43,"column":8},"end":{"line":43,"column":12}},"type":"binary-expr","locations":[{"start":{"line":43,"column":8},"end":{"line":43,"column":12}},{"start":{"line":43,"column":16},"end":{"line":43,"column":22}}]},"16":{"loc":{"start":{"line":50,"column":4},"end":{"line":52,"column":null}},"type":"if","locations":[{"start":{"line":50,"column":4},"end":{"line":52,"column":null}},{"start":{"line":50,"column":4},"end":{"line":52,"column":null}}]},"17":{"loc":{"start":{"line":55,"column":4},"end":{"line":58,"column":null}},"type":"if","locations":[{"start":{"line":55,"column":4},"end":{"line":58,"column":null}},{"start":{"line":55,"column":4},"end":{"line":58,"column":null}}]},"18":{"loc":{"start":{"line":113,"column":4},"end":{"line":115,"column":null}},"type":"if","locations":[{"start":{"line":113,"column":4},"end":{"line":115,"column":null}},{"start":{"line":113,"column":4},"end":{"line":115,"column":null}}]},"19":{"loc":{"start":{"line":116,"column":4},"end":{"line":118,"column":null}},"type":"if","locations":[{"start":{"line":116,"column":4},"end":{"line":118,"column":null}},{"start":{"line":116,"column":4},"end":{"line":118,"column":null}}]},"20":{"loc":{"start":{"line":119,"column":4},"end":{"line":123,"column":null}},"type":"if","locations":[{"start":{"line":119,"column":4},"end":{"line":123,"column":null}},{"start":{"line":119,"column":4},"end":{"line":123,"column":null}}]},"21":{"loc":{"start":{"line":127,"column":10},"end":{"line":127,"column":27}},"type":"cond-expr","locations":[{"start":{"line":127,"column":10},"end":{"line":127,"column":27}},{"start":{"line":128,"column":10},"end":{"line":128,"column":12}}]},"22":{"loc":{"start":{"line":126,"column":6},"end":{"line":126,"column":30}},"type":"binary-expr","locations":[{"start":{"line":126,"column":6},"end":{"line":126,"column":30}},{"start":{"line":126,"column":34},"end":{"line":126,"column":60}},{"start":{"line":126,"column":64},"end":{"line":126,"column":75}}]},"23":{"loc":{"start":{"line":129,"column":4},"end":{"line":131,"column":null}},"type":"if","locations":[{"start":{"line":129,"column":4},"end":{"line":131,"column":null}},{"start":{"line":129,"column":4},"end":{"line":131,"column":null}}]},"24":{"loc":{"start":{"line":134,"column":6},"end":{"line":156,"column":null}},"type":"if","locations":[{"start":{"line":134,"column":6},"end":{"line":156,"column":null}},{"start":{"line":134,"column":6},"end":{"line":156,"column":null}}]},"25":{"loc":{"start":{"line":135,"column":8},"end":{"line":137,"column":null}},"type":"if","locations":[{"start":{"line":135,"column":8},"end":{"line":137,"column":null}},{"start":{"line":135,"column":8},"end":{"line":137,"column":null}}]},"26":{"loc":{"start":{"line":146,"column":10},"end":{"line":146,"column":31}},"type":"binary-expr","locations":[{"start":{"line":146,"column":10},"end":{"line":146,"column":31}},{"start":{"line":146,"column":35},"end":{"line":146,"column":54}}]},"27":{"loc":{"start":{"line":148,"column":8},"end":{"line":150,"column":null}},"type":"if","locations":[{"start":{"line":148,"column":8},"end":{"line":150,"column":null}},{"start":{"line":148,"column":8},"end":{"line":150,"column":null}}]},"28":{"loc":{"start":{"line":151,"column":8},"end":{"line":155,"column":null}},"type":"if","locations":[{"start":{"line":151,"column":8},"end":{"line":155,"column":null}},{"start":{"line":151,"column":8},"end":{"line":155,"column":null}}]},"29":{"loc":{"start":{"line":158,"column":40},"end":{"line":158,"column":46}},"type":"cond-expr","locations":[{"start":{"line":158,"column":40},"end":{"line":158,"column":46}},{"start":{"line":158,"column":49},"end":{"line":158,"column":58}}]}},"s":{"0":1,"1":1,"2":1,"3":24,"4":0,"5":1,"6":3,"7":3,"8":12,"9":0,"10":12,"11":12,"12":12,"13":12,"14":12,"15":3,"16":0,"17":0,"18":0,"19":0,"20":0,"21":0,"22":0,"23":0,"24":0,"25":0,"26":0,"27":3,"28":15,"29":0,"30":15,"31":0,"32":0,"33":0,"34":0,"35":0,"36":15,"37":0,"38":0,"39":0,"40":0,"41":0,"42":15,"43":3,"44":3,"45":13,"46":13,"47":3,"48":10,"49":10,"50":0,"51":13,"52":0,"53":13,"54":13,"55":13,"56":13,"57":1,"58":12,"59":12,"60":2,"61":12,"62":16,"63":0,"64":16,"65":0,"66":16,"67":1,"68":1,"69":15,"70":15,"71":15,"72":0,"73":15,"74":15,"75":24,"76":24,"77":11,"78":13,"79":13,"80":13,"81":13,"82":13,"83":12,"84":12,"85":12,"86":10,"87":2,"88":12,"89":1},"f":{"0":24,"1":0,"2":1,"3":3,"4":12,"5":0,"6":0,"7":0,"8":15,"9":0,"10":0,"11":0,"12":0,"13":13,"14":13,"15":16,"16":1,"17":13},"b":{"0":[24,13],"1":[0,12],"2":[12,12],"3":[12,0],"4":[0,0],"5":[0,0],"6":[0,0],"7":[0,15],"8":[15,0],"9":[0,15],"10":[0,15],"11":[3,10],"12":[10,0],"13":[10,10],"14":[0,13],"15":[13,13],"16":[1,12],"17":[2,10],"18":[0,16],"19":[0,16],"20":[1,15],"21":[5,10],"22":[15,12,10],"23":[0,15],"24":[24,0],"25":[11,13],"26":[13,2],"27":[12,0],"28":[10,2],"29":[12,0]}}
}
