TN:
SF:src/main.ts
FN:12,isPrivateKey
FN:16,warn
FN:20,handleError
FN:26,(anonymous_4)
FN:61,(anonymous_5)
FN:72,(anonymous_6)
FN:74,(anonymous_7)
FN:82,(anonymous_8)
FN:89,(anonymous_9)
FN:94,(anonymous_10)
FN:96,(anonymous_11)
FN:102,(anonymous_12)
FN:104,(anonymous_13)
FN:32,(anonymous_14)
FN:42,(anonymous_15)
FN:112,(anonymous_16)
FN:120,(anonymous_17)
FN:139,(anonymous_18)
FNF:18
FNH:10
FNDA:24,isPrivateKey
FNDA:0,warn
FNDA:1,handleError
FNDA:3,(anonymous_4)
FNDA:12,(anonymous_5)
FNDA:0,(anonymous_6)
FNDA:0,(anonymous_7)
FNDA:0,(anonymous_8)
FNDA:15,(anonymous_9)
FNDA:0,(anonymous_10)
FNDA:0,(anonymous_11)
FNDA:0,(anonymous_12)
FNDA:0,(anonymous_13)
FNDA:13,(anonymous_14)
FNDA:13,(anonymous_15)
FNDA:16,(anonymous_16)
FNDA:1,(anonymous_17)
FNDA:13,(anonymous_18)
DA:2,1
DA:3,1
DA:10,1
DA:13,24
DA:17,0
DA:21,1
DA:26,3
DA:27,3
DA:29,3
DA:33,13
DA:34,13
DA:35,3
DA:37,10
DA:38,10
DA:40,0
DA:43,13
DA:44,0
DA:46,13
DA:47,13
DA:48,13
DA:50,13
DA:51,1
DA:54,12
DA:55,12
DA:57,2
DA:59,12
DA:61,3
DA:62,12
DA:63,0
DA:65,12
DA:66,12
DA:67,12
DA:68,12
DA:69,12
DA:72,3
DA:73,0
DA:74,0
DA:75,0
DA:76,0
DA:78,0
DA:80,0
DA:81,0
DA:82,0
DA:83,0
DA:85,0
DA:87,0
DA:89,3
DA:90,15
DA:91,0
DA:93,15
DA:94,0
DA:95,0
DA:96,0
DA:97,0
DA:99,0
DA:101,15
DA:102,0
DA:103,0
DA:104,0
DA:105,0
DA:107,0
DA:110,15
DA:113,16
DA:114,0
DA:116,16
DA:117,0
DA:119,16
DA:120,1
DA:121,1
DA:124,15
DA:126,15
DA:129,15
DA:130,0
DA:132,15
DA:133,15
DA:134,24
DA:135,24
DA:136,11
DA:138,13
DA:139,13
DA:140,13
DA:142,13
DA:143,13
DA:148,12
DA:149,12
DA:151,12
DA:152,10
DA:154,2
DA:158,12
DA:162,1
LF:90
LH:61
BRDA:13,0,0,24
BRDA:13,0,1,13
BRDA:62,1,0,0
BRDA:62,1,1,12
BRDA:62,2,0,12
BRDA:62,2,1,12
BRDA:68,3,0,12
BRDA:68,3,1,0
BRDA:73,4,0,0
BRDA:73,4,1,0
BRDA:75,5,0,0
BRDA:75,5,1,0
BRDA:80,6,0,0
BRDA:80,6,1,0
BRDA:90,7,0,0
BRDA:90,7,1,15
BRDA:90,8,0,15
BRDA:90,8,1,0
BRDA:93,9,0,0
BRDA:93,9,1,15
BRDA:101,10,0,0
BRDA:101,10,1,15
BRDA:34,11,0,3
BRDA:34,11,1,10
BRDA:37,12,0,10
BRDA:37,12,1,0
BRDA:37,13,0,10
BRDA:37,13,1,10
BRDA:43,14,0,0
BRDA:43,14,1,13
BRDA:43,15,0,13
BRDA:43,15,1,13
BRDA:50,16,0,1
BRDA:50,16,1,12
BRDA:55,17,0,2
BRDA:55,17,1,10
BRDA:113,18,0,0
BRDA:113,18,1,16
BRDA:116,19,0,0
BRDA:116,19,1,16
BRDA:119,20,0,1
BRDA:119,20,1,15
BRDA:127,21,0,5
BRDA:127,21,1,10
BRDA:126,22,0,15
BRDA:126,22,1,12
BRDA:126,22,2,10
BRDA:129,23,0,0
BRDA:129,23,1,15
BRDA:134,24,0,24
BRDA:134,24,1,0
BRDA:135,25,0,11
BRDA:135,25,1,13
BRDA:146,26,0,13
BRDA:146,26,1,2
BRDA:148,27,0,12
BRDA:148,27,1,0
BRDA:151,28,0,10
BRDA:151,28,1,2
BRDA:158,29,0,12
BRDA:158,29,1,0
BRF:61
BRH:41
end_of_record
